<?xml version="1.0" encoding="UTF-8"?>
<!-- Generated by org.testng.reporters.JUnitXMLReporter -->
<testsuite ignored="0" hostname="HYDPCM156681L" failures="0" tests="3" name="Test" time="50.044" errors="0" timestamp="2020-12-09T16:21:49 IST">
  <testcase classname="com.LearnGITBranching.testcases.Assertions" name="assertTrue" time="0.061"/>
  <testcase classname="com.LearnGITBranching.testcases.Assertions" name="assertTrue1" time="0.005"/>
  <testcase classname="com.LearnGITBranching.testcases.javascriptexecutors" name="searchUsingJavaScript" time="16.211"/>
</testsuite> <!-- Test -->
