<?xml version="1.0" encoding="UTF-8"?>
<testng-results ignored="0" total="3" passed="3" failed="0" skipped="0">
  <reporter-output>
  </reporter-output>
  <suite started-at="2020-12-09T16:20:59 IST" name="Suite" finished-at="2020-12-09T16:21:49 IST" duration-ms="50044">
    <groups>
    </groups>
    <test started-at="2020-12-09T16:20:59 IST" name="Test" finished-at="2020-12-09T16:21:49 IST" duration-ms="50044">
      <class name="com.LearnGITBranching.testcases.javascriptexecutors">
        <test-method is-config="true" signature="setup(java.lang.String, java.lang.String)[pri:0, instance:com.LearnGITBranching.testcases.javascriptexecutors@3541cb24]" started-at="2020-12-09T16:21:18 IST" name="setup" finished-at="2020-12-09T16:21:33 IST" duration-ms="14971" status="PASS">
          <params>
            <param index="0">
              <value>
                <![CDATA[https://www.google.com/]]>
              </value>
            </param>
            <param index="1">
              <value>
                <![CDATA[chrome]]>
              </value>
            </param>
          </params>
          <reporter-output>
          </reporter-output>
        </test-method> <!-- setup -->
        <test-method signature="searchUsingJavaScript()[pri:0, instance:com.LearnGITBranching.testcases.javascriptexecutors@3541cb24]" started-at="2020-12-09T16:21:33 IST" name="searchUsingJavaScript" finished-at="2020-12-09T16:21:49 IST" duration-ms="16211" status="PASS">
          <reporter-output>
          </reporter-output>
        </test-method> <!-- searchUsingJavaScript -->
        <test-method is-config="true" signature="tearDown()[pri:0, instance:com.LearnGITBranching.testcases.javascriptexecutors@3541cb24]" started-at="2020-12-09T16:21:49 IST" name="tearDown" finished-at="2020-12-09T16:21:49 IST" duration-ms="1" status="PASS">
          <reporter-output>
          </reporter-output>
        </test-method> <!-- tearDown -->
      </class> <!-- com.LearnGITBranching.testcases.javascriptexecutors -->
      <class name="com.LearnGITBranching.testcases.Assertions">
        <test-method is-config="true" signature="setup(java.lang.String, java.lang.String)[pri:0, instance:com.LearnGITBranching.testcases.Assertions@52102734]" started-at="2020-12-09T16:20:59 IST" name="setup" finished-at="2020-12-09T16:21:17 IST" duration-ms="17709" status="PASS">
          <params>
            <param index="0">
              <value>
                <![CDATA[https://www.google.com/]]>
              </value>
            </param>
            <param index="1">
              <value>
                <![CDATA[chrome]]>
              </value>
            </param>
          </params>
          <reporter-output>
          </reporter-output>
        </test-method> <!-- setup -->
        <test-method signature="assertTrue()[pri:0, instance:com.LearnGITBranching.testcases.Assertions@52102734]" started-at="2020-12-09T16:21:17 IST" name="assertTrue" finished-at="2020-12-09T16:21:17 IST" duration-ms="61" status="PASS">
          <reporter-output>
          </reporter-output>
        </test-method> <!-- assertTrue -->
        <test-method signature="assertTrue1()[pri:0, instance:com.LearnGITBranching.testcases.Assertions@52102734]" started-at="2020-12-09T16:21:17 IST" name="assertTrue1" finished-at="2020-12-09T16:21:17 IST" duration-ms="5" status="PASS">
          <reporter-output>
          </reporter-output>
        </test-method> <!-- assertTrue1 -->
        <test-method is-config="true" signature="tearDown()[pri:0, instance:com.LearnGITBranching.testcases.Assertions@52102734]" started-at="2020-12-09T16:21:17 IST" name="tearDown" finished-at="2020-12-09T16:21:18 IST" duration-ms="959" status="PASS">
          <reporter-output>
          </reporter-output>
        </test-method> <!-- tearDown -->
      </class> <!-- com.LearnGITBranching.testcases.Assertions -->
    </test> <!-- Test -->
  </suite> <!-- Suite -->
</testng-results>
